level 1 thread 0x7fffbfe89d00 affinity 0
level 1 thread 0x7fff5d4b5700 affinity 1
level 1 thread 0x7fff1d4b4700 affinity 2
level 1 thread 0x7ffedd4b3700 affinity 3
level 1 thread 0x7ffe9d4b2700 affinity 4
level 1 thread 0x7ffe5d4b1700 affinity 5
level 1 thread 0x7ffe1d4b0700 affinity 6
level 1 thread 0x7ffddd4af700 affinity 7
level 1 thread 0x7ffd9d4ae700 affinity 8
level 1 thread 0x7ffd5d4ad700 affinity 9
level 1 thread 0x7ffd1d4ac700 affinity 10
level 1 thread 0x7ffcdd4ab700 affinity 11
level 1 thread 0x7ffc9d4aa700 affinity 12
level 1 thread 0x7ffc5d4a9700 affinity 13
level 1 thread 0x7ffc1d4a8700 affinity 14
level 1 thread 0x7ffbdd4a7700 affinity 15
Array size n = 102400000
Input:
a =   3.0000
x =   0.0000   0.0000   0.0000   0.0000 ...   1.0000   1.0000   1.0000   1.0000
y =   0.0000   0.0000   0.0000   0.0000 ... 100.0000 100.0000 100.0000 100.0000
Output:
y =   0.0000   0.0000   0.0000   0.0000 ... 103.0000 103.0000 103.0000 103.0000
Calculating axpy took 66.847 milliseconds
